{"C:\\Users\\679534\\gencWorkspaces\\reactjsPracticeWorkspace\\vue-react-ts-app\\src\\App.tsx": {"path":"C:\\Users\\679534\\gencWorkspaces\\reactjsPracticeWorkspace\\vue-react-ts-app\\src\\App.tsx","all":true,"statementMap":{"0":{"start":{"line":1,"column":0},"end":{"line":1,"column":70}},"1":{"start":{"line":2,"column":0},"end":{"line":2,"column":41}},"2":{"start":{"line":3,"column":0},"end":{"line":3,"column":42}},"3":{"start":{"line":4,"column":0},"end":{"line":4,"column":40}},"4":{"start":{"line":5,"column":0},"end":{"line":5,"column":52}},"5":{"start":{"line":6,"column":0},"end":{"line":6,"column":57}},"7":{"start":{"line":8,"column":0},"end":{"line":8,"column":16}},"8":{"start":{"line":9,"column":0},"end":{"line":9,"column":10}},"9":{"start":{"line":10,"column":0},"end":{"line":10,"column":19}},"10":{"start":{"line":11,"column":0},"end":{"line":11,"column":14}},"11":{"start":{"line":12,"column":0},"end":{"line":12,"column":55}},"12":{"start":{"line":13,"column":0},"end":{"line":13,"column":68}},"13":{"start":{"line":14,"column":0},"end":{"line":14,"column":45}},"14":{"start":{"line":15,"column":0},"end":{"line":15,"column":38}},"15":{"start":{"line":16,"column":0},"end":{"line":16,"column":57}},"16":{"start":{"line":17,"column":0},"end":{"line":17,"column":70}},"17":{"start":{"line":18,"column":0},"end":{"line":18,"column":18}},"18":{"start":{"line":19,"column":0},"end":{"line":19,"column":16}},"20":{"start":{"line":21,"column":0},"end":{"line":21,"column":15}},"21":{"start":{"line":22,"column":0},"end":{"line":22,"column":20}},"23":{"start":{"line":24,"column":0},"end":{"line":24,"column":1}},"25":{"start":{"line":26,"column":0},"end":{"line":26,"column":19}}},"s":{"0":0,"1":0,"2":0,"3":0,"4":0,"5":0,"7":0,"8":0,"9":0,"10":0,"11":0,"12":0,"13":0,"14":0,"15":0,"16":0,"17":0,"18":0,"20":0,"21":0,"23":0,"25":0},"branchMap":{"0":{"type":"branch","line":1,"loc":{"start":{"line":1,"column":819},"end":{"line":26,"column":19}},"locations":[{"start":{"line":1,"column":819},"end":{"line":26,"column":19}}]}},"b":{"0":[0]},"fnMap":{"0":{"name":"(empty-report)","decl":{"start":{"line":1,"column":819},"end":{"line":26,"column":19}},"loc":{"start":{"line":1,"column":819},"end":{"line":26,"column":19}},"line":1}},"f":{"0":0}}
,"C:\\Users\\679534\\gencWorkspaces\\reactjsPracticeWorkspace\\vue-react-ts-app\\src\\main.tsx": {"path":"C:\\Users\\679534\\gencWorkspaces\\reactjsPracticeWorkspace\\vue-react-ts-app\\src\\main.tsx","all":true,"statementMap":{"0":{"start":{"line":1,"column":0},"end":{"line":1,"column":34}},"1":{"start":{"line":2,"column":0},"end":{"line":2,"column":45}},"2":{"start":{"line":3,"column":0},"end":{"line":3,"column":21}},"3":{"start":{"line":4,"column":0},"end":{"line":4,"column":27}},"5":{"start":{"line":6,"column":0},"end":{"line":6,"column":52}},"6":{"start":{"line":7,"column":0},"end":{"line":7,"column":14}},"7":{"start":{"line":8,"column":0},"end":{"line":8,"column":11}},"8":{"start":{"line":9,"column":0},"end":{"line":9,"column":16}},"9":{"start":{"line":10,"column":0},"end":{"line":10,"column":1}}},"s":{"0":0,"1":0,"2":0,"3":0,"5":0,"6":0,"7":0,"8":0,"9":0},"branchMap":{"0":{"type":"branch","line":1,"loc":{"start":{"line":1,"column":204},"end":{"line":10,"column":-149}},"locations":[{"start":{"line":1,"column":204},"end":{"line":10,"column":-149}}]}},"b":{"0":[0]},"fnMap":{"0":{"name":"(empty-report)","decl":{"start":{"line":1,"column":204},"end":{"line":10,"column":-149}},"loc":{"start":{"line":1,"column":204},"end":{"line":10,"column":-149}},"line":1}},"f":{"0":0}}
,"C:\\Users\\679534\\gencWorkspaces\\reactjsPracticeWorkspace\\vue-react-ts-app\\src\\components\\AddProduct.tsx": {"path":"C:\\Users\\679534\\gencWorkspaces\\reactjsPracticeWorkspace\\vue-react-ts-app\\src\\components\\AddProduct.tsx","all":true,"statementMap":{"0":{"start":{"line":1,"column":0},"end":{"line":1,"column":33}},"1":{"start":{"line":2,"column":0},"end":{"line":2,"column":31}},"3":{"start":{"line":4,"column":0},"end":{"line":4,"column":23}},"4":{"start":{"line":5,"column":0},"end":{"line":5,"column":39}},"5":{"start":{"line":6,"column":0},"end":{"line":6,"column":41}},"6":{"start":{"line":7,"column":0},"end":{"line":7,"column":39}},"7":{"start":{"line":8,"column":0},"end":{"line":8,"column":43}},"8":{"start":{"line":9,"column":0},"end":{"line":9,"column":41}},"10":{"start":{"line":11,"column":0},"end":{"line":11,"column":37}},"11":{"start":{"line":12,"column":0},"end":{"line":12,"column":23}},"12":{"start":{"line":13,"column":0},"end":{"line":13,"column":17}},"15":{"start":{"line":16,"column":0},"end":{"line":16,"column":69}},"16":{"start":{"line":17,"column":0},"end":{"line":17,"column":54}},"17":{"start":{"line":18,"column":0},"end":{"line":18,"column":13}},"18":{"start":{"line":19,"column":0},"end":{"line":19,"column":5}},"20":{"start":{"line":21,"column":0},"end":{"line":21,"column":36}},"21":{"start":{"line":22,"column":0},"end":{"line":22,"column":74}},"22":{"start":{"line":23,"column":0},"end":{"line":23,"column":47}},"24":{"start":{"line":25,"column":0},"end":{"line":25,"column":9}},"25":{"start":{"line":26,"column":0},"end":{"line":26,"column":45}},"26":{"start":{"line":27,"column":0},"end":{"line":27,"column":59}},"27":{"start":{"line":28,"column":0},"end":{"line":28,"column":9}},"28":{"start":{"line":29,"column":0},"end":{"line":29,"column":18}},"29":{"start":{"line":30,"column":0},"end":{"line":30,"column":19}},"30":{"start":{"line":31,"column":0},"end":{"line":31,"column":18}},"31":{"start":{"line":32,"column":0},"end":{"line":32,"column":21}},"32":{"start":{"line":33,"column":0},"end":{"line":33,"column":43}},"33":{"start":{"line":34,"column":0},"end":{"line":34,"column":19}},"34":{"start":{"line":35,"column":0},"end":{"line":35,"column":40}},"35":{"start":{"line":36,"column":0},"end":{"line":36,"column":5}},"36":{"start":{"line":37,"column":0},"end":{"line":37,"column":4}},"38":{"start":{"line":39,"column":0},"end":{"line":39,"column":35}},"39":{"start":{"line":40,"column":0},"end":{"line":40,"column":40}},"40":{"start":{"line":41,"column":0},"end":{"line":41,"column":4}},"42":{"start":{"line":43,"column":0},"end":{"line":43,"column":10}},"43":{"start":{"line":44,"column":0},"end":{"line":44,"column":63}},"44":{"start":{"line":45,"column":0},"end":{"line":45,"column":12}},"45":{"start":{"line":46,"column":0},"end":{"line":46,"column":19}},"46":{"start":{"line":47,"column":0},"end":{"line":47,"column":20}},"47":{"start":{"line":48,"column":0},"end":{"line":48,"column":49}},"48":{"start":{"line":49,"column":0},"end":{"line":49,"column":34}},"49":{"start":{"line":50,"column":0},"end":{"line":50,"column":16}},"50":{"start":{"line":51,"column":0},"end":{"line":51,"column":8}},"51":{"start":{"line":52,"column":0},"end":{"line":52,"column":12}},"52":{"start":{"line":53,"column":0},"end":{"line":53,"column":19}},"53":{"start":{"line":54,"column":0},"end":{"line":54,"column":21}},"54":{"start":{"line":55,"column":0},"end":{"line":55,"column":50}},"55":{"start":{"line":56,"column":0},"end":{"line":56,"column":27}},"56":{"start":{"line":57,"column":0},"end":{"line":57,"column":16}},"57":{"start":{"line":58,"column":0},"end":{"line":58,"column":8}},"58":{"start":{"line":59,"column":0},"end":{"line":59,"column":15}},"59":{"start":{"line":60,"column":0},"end":{"line":60,"column":20}},"60":{"start":{"line":61,"column":0},"end":{"line":61,"column":49}},"61":{"start":{"line":62,"column":0},"end":{"line":62,"column":36}},"62":{"start":{"line":63,"column":0},"end":{"line":63,"column":16}},"63":{"start":{"line":64,"column":0},"end":{"line":64,"column":8}},"64":{"start":{"line":65,"column":0},"end":{"line":65,"column":12}},"65":{"start":{"line":66,"column":0},"end":{"line":66,"column":19}},"66":{"start":{"line":67,"column":0},"end":{"line":67,"column":35}},"67":{"start":{"line":68,"column":0},"end":{"line":68,"column":37}},"68":{"start":{"line":69,"column":0},"end":{"line":69,"column":8}},"69":{"start":{"line":70,"column":0},"end":{"line":70,"column":49}},"70":{"start":{"line":71,"column":0},"end":{"line":71,"column":48}},"71":{"start":{"line":72,"column":0},"end":{"line":72,"column":11}},"73":{"start":{"line":74,"column":0},"end":{"line":74,"column":1}},"75":{"start":{"line":76,"column":0},"end":{"line":76,"column":26}}},"s":{"0":0,"1":0,"3":0,"4":0,"5":0,"6":0,"7":0,"8":0,"10":0,"11":0,"12":0,"15":0,"16":0,"17":0,"18":0,"20":0,"21":0,"22":0,"24":0,"25":0,"26":0,"27":0,"28":0,"29":0,"30":0,"31":0,"32":0,"33":0,"34":0,"35":0,"36":0,"38":0,"39":0,"40":0,"42":0,"43":0,"44":0,"45":0,"46":0,"47":0,"48":0,"49":0,"50":0,"51":0,"52":0,"53":0,"54":0,"55":0,"56":0,"57":0,"58":0,"59":0,"60":0,"61":0,"62":0,"63":0,"64":0,"65":0,"66":0,"67":0,"68":0,"69":0,"70":0,"71":0,"73":0,"75":0},"branchMap":{"0":{"type":"branch","line":1,"loc":{"start":{"line":1,"column":1931},"end":{"line":76,"column":26}},"locations":[{"start":{"line":1,"column":1931},"end":{"line":76,"column":26}}]}},"b":{"0":[0]},"fnMap":{"0":{"name":"(empty-report)","decl":{"start":{"line":1,"column":1931},"end":{"line":76,"column":26}},"loc":{"start":{"line":1,"column":1931},"end":{"line":76,"column":26}},"line":1}},"f":{"0":0}}
,"C:\\Users\\679534\\gencWorkspaces\\reactjsPracticeWorkspace\\vue-react-ts-app\\src\\components\\Home.tsx": {"path":"C:\\Users\\679534\\gencWorkspaces\\reactjsPracticeWorkspace\\vue-react-ts-app\\src\\components\\Home.tsx","all":false,"statementMap":{"0":{"start":{"line":1,"column":0},"end":{"line":1,"column":44}},"1":{"start":{"line":2,"column":0},"end":{"line":2,"column":31}},"3":{"start":{"line":4,"column":0},"end":{"line":4,"column":17}},"4":{"start":{"line":5,"column":0},"end":{"line":5,"column":47}},"5":{"start":{"line":6,"column":0},"end":{"line":6,"column":47}},"6":{"start":{"line":7,"column":0},"end":{"line":7,"column":41}},"8":{"start":{"line":9,"column":0},"end":{"line":9,"column":19}},"9":{"start":{"line":10,"column":0},"end":{"line":10,"column":39}},"10":{"start":{"line":11,"column":0},"end":{"line":11,"column":11}},"11":{"start":{"line":12,"column":0},"end":{"line":12,"column":55}},"12":{"start":{"line":13,"column":0},"end":{"line":13,"column":35}},"13":{"start":{"line":14,"column":0},"end":{"line":14,"column":21}},"14":{"start":{"line":15,"column":0},"end":{"line":15,"column":44}},"15":{"start":{"line":16,"column":0},"end":{"line":16,"column":17}},"16":{"start":{"line":17,"column":0},"end":{"line":17,"column":26}},"17":{"start":{"line":18,"column":0},"end":{"line":18,"column":7}},"18":{"start":{"line":19,"column":0},"end":{"line":19,"column":6}},"19":{"start":{"line":20,"column":0},"end":{"line":20,"column":20}},"20":{"start":{"line":21,"column":0},"end":{"line":21,"column":9}},"22":{"start":{"line":23,"column":0},"end":{"line":23,"column":40}},"23":{"start":{"line":24,"column":0},"end":{"line":24,"column":35}},"25":{"start":{"line":26,"column":0},"end":{"line":26,"column":10}},"26":{"start":{"line":27,"column":0},"end":{"line":27,"column":33}},"27":{"start":{"line":28,"column":0},"end":{"line":28,"column":34}},"28":{"start":{"line":29,"column":0},"end":{"line":29,"column":67}},"29":{"start":{"line":30,"column":0},"end":{"line":30,"column":9}},"30":{"start":{"line":31,"column":0},"end":{"line":31,"column":9}},"32":{"start":{"line":33,"column":0},"end":{"line":33,"column":1}},"34":{"start":{"line":35,"column":0},"end":{"line":35,"column":20}}},"s":{"0":1,"1":1,"3":5,"4":5,"5":5,"6":5,"8":5,"9":3,"10":3,"11":3,"12":2,"13":2,"14":2,"15":3,"16":3,"17":3,"18":3,"19":3,"20":5,"22":5,"23":5,"25":1,"26":1,"27":1,"28":2,"29":1,"30":1,"32":1,"34":1},"branchMap":{"0":{"type":"branch","line":4,"loc":{"start":{"line":4,"column":0},"end":{"line":33,"column":1}},"locations":[{"start":{"line":4,"column":0},"end":{"line":33,"column":1}}]},"1":{"type":"branch","line":23,"loc":{"start":{"line":23,"column":15},"end":{"line":23,"column":40}},"locations":[{"start":{"line":23,"column":15},"end":{"line":23,"column":40}}]},"2":{"type":"branch","line":23,"loc":{"start":{"line":23,"column":35},"end":{"line":24,"column":20}},"locations":[{"start":{"line":23,"column":35},"end":{"line":24,"column":20}}]},"3":{"type":"branch","line":24,"loc":{"start":{"line":24,"column":13},"end":{"line":33,"column":1}},"locations":[{"start":{"line":24,"column":13},"end":{"line":33,"column":1}}]},"4":{"type":"branch","line":9,"loc":{"start":{"line":9,"column":12},"end":{"line":21,"column":5}},"locations":[{"start":{"line":9,"column":12},"end":{"line":21,"column":5}}]},"5":{"type":"branch","line":10,"loc":{"start":{"line":10,"column":26},"end":{"line":19,"column":6}},"locations":[{"start":{"line":10,"column":26},"end":{"line":19,"column":6}}]},"6":{"type":"branch","line":12,"loc":{"start":{"line":12,"column":53},"end":{"line":16,"column":8}},"locations":[{"start":{"line":12,"column":53},"end":{"line":16,"column":8}}]},"7":{"type":"branch","line":28,"loc":{"start":{"line":28,"column":20},"end":{"line":29,"column":67}},"locations":[{"start":{"line":28,"column":20},"end":{"line":29,"column":67}}]}},"b":{"0":[5],"1":[3],"2":[2],"3":[1],"4":[3],"5":[3],"6":[2],"7":[2]},"fnMap":{"0":{"name":"Home","decl":{"start":{"line":4,"column":0},"end":{"line":33,"column":1}},"loc":{"start":{"line":4,"column":0},"end":{"line":33,"column":1}},"line":4},"1":{"name":"fetchProducts","decl":{"start":{"line":10,"column":26},"end":{"line":19,"column":6}},"loc":{"start":{"line":10,"column":26},"end":{"line":19,"column":6}},"line":10}},"f":{"0":5,"1":3}}
,"C:\\Users\\679534\\gencWorkspaces\\reactjsPracticeWorkspace\\vue-react-ts-app\\src\\components\\Layout.tsx": {"path":"C:\\Users\\679534\\gencWorkspaces\\reactjsPracticeWorkspace\\vue-react-ts-app\\src\\components\\Layout.tsx","all":true,"statementMap":{"0":{"start":{"line":1,"column":0},"end":{"line":1,"column":74}},"1":{"start":{"line":2,"column":0},"end":{"line":2,"column":40}},"2":{"start":{"line":3,"column":0},"end":{"line":3,"column":39}},"4":{"start":{"line":5,"column":0},"end":{"line":5,"column":19}},"5":{"start":{"line":6,"column":0},"end":{"line":6,"column":10}},"6":{"start":{"line":7,"column":0},"end":{"line":7,"column":29}},"7":{"start":{"line":8,"column":0},"end":{"line":8,"column":31}},"8":{"start":{"line":9,"column":0},"end":{"line":9,"column":85}},"10":{"start":{"line":11,"column":0},"end":{"line":11,"column":18}},"11":{"start":{"line":12,"column":0},"end":{"line":12,"column":92}},"13":{"start":{"line":14,"column":0},"end":{"line":14,"column":18}},"14":{"start":{"line":15,"column":0},"end":{"line":15,"column":48}},"15":{"start":{"line":16,"column":0},"end":{"line":16,"column":12}},"16":{"start":{"line":17,"column":0},"end":{"line":17,"column":14}},"17":{"start":{"line":18,"column":0},"end":{"line":18,"column":23}},"18":{"start":{"line":19,"column":0},"end":{"line":19,"column":15}},"19":{"start":{"line":20,"column":0},"end":{"line":20,"column":35}},"20":{"start":{"line":21,"column":0},"end":{"line":21,"column":18}},"21":{"start":{"line":22,"column":0},"end":{"line":22,"column":16}},"22":{"start":{"line":23,"column":0},"end":{"line":23,"column":11}},"24":{"start":{"line":25,"column":0},"end":{"line":25,"column":1}},"26":{"start":{"line":27,"column":0},"end":{"line":27,"column":22}}},"s":{"0":0,"1":0,"2":0,"4":0,"5":0,"6":0,"7":0,"8":0,"10":0,"11":0,"13":0,"14":0,"15":0,"16":0,"17":0,"18":0,"19":0,"20":0,"21":0,"22":0,"24":0,"26":0},"branchMap":{"0":{"type":"branch","line":1,"loc":{"start":{"line":1,"column":735},"end":{"line":27,"column":22}},"locations":[{"start":{"line":1,"column":735},"end":{"line":27,"column":22}}]}},"b":{"0":[0]},"fnMap":{"0":{"name":"(empty-report)","decl":{"start":{"line":1,"column":735},"end":{"line":27,"column":22}},"loc":{"start":{"line":1,"column":735},"end":{"line":27,"column":22}},"line":1}},"f":{"0":0}}
,"C:\\Users\\679534\\gencWorkspaces\\reactjsPracticeWorkspace\\vue-react-ts-app\\src\\components\\Login.tsx": {"path":"C:\\Users\\679534\\gencWorkspaces\\reactjsPracticeWorkspace\\vue-react-ts-app\\src\\components\\Login.tsx","all":false,"statementMap":{"1":{"start":{"line":2,"column":0},"end":{"line":2,"column":33}},"2":{"start":{"line":3,"column":0},"end":{"line":3,"column":43}},"3":{"start":{"line":4,"column":0},"end":{"line":4,"column":38}},"5":{"start":{"line":6,"column":0},"end":{"line":6,"column":18}},"6":{"start":{"line":7,"column":0},"end":{"line":7,"column":47}},"7":{"start":{"line":8,"column":0},"end":{"line":8,"column":47}},"8":{"start":{"line":9,"column":0},"end":{"line":9,"column":41}},"9":{"start":{"line":10,"column":0},"end":{"line":10,"column":33}},"11":{"start":{"line":12,"column":0},"end":{"line":12,"column":37}},"12":{"start":{"line":13,"column":0},"end":{"line":13,"column":23}},"13":{"start":{"line":14,"column":0},"end":{"line":14,"column":17}},"14":{"start":{"line":15,"column":0},"end":{"line":15,"column":9}},"15":{"start":{"line":16,"column":0},"end":{"line":16,"column":38}},"16":{"start":{"line":17,"column":0},"end":{"line":17,"column":24}},"17":{"start":{"line":18,"column":0},"end":{"line":18,"column":19}},"18":{"start":{"line":19,"column":0},"end":{"line":19,"column":38}},"19":{"start":{"line":20,"column":0},"end":{"line":20,"column":5}},"26":{"start":{"line":27,"column":0},"end":{"line":27,"column":4}},"28":{"start":{"line":29,"column":0},"end":{"line":29,"column":10}},"29":{"start":{"line":30,"column":0},"end":{"line":30,"column":57}},"30":{"start":{"line":31,"column":0},"end":{"line":31,"column":12}},"31":{"start":{"line":32,"column":0},"end":{"line":32,"column":19}},"32":{"start":{"line":33,"column":0},"end":{"line":33,"column":24}},"33":{"start":{"line":34,"column":0},"end":{"line":34,"column":53}},"34":{"start":{"line":35,"column":0},"end":{"line":35,"column":30}},"35":{"start":{"line":36,"column":0},"end":{"line":36,"column":16}},"36":{"start":{"line":37,"column":0},"end":{"line":37,"column":31}},"37":{"start":{"line":38,"column":0},"end":{"line":38,"column":8}},"38":{"start":{"line":39,"column":0},"end":{"line":39,"column":12}},"39":{"start":{"line":40,"column":0},"end":{"line":40,"column":23}},"40":{"start":{"line":41,"column":0},"end":{"line":41,"column":24}},"41":{"start":{"line":42,"column":0},"end":{"line":42,"column":53}},"42":{"start":{"line":43,"column":0},"end":{"line":43,"column":30}},"43":{"start":{"line":44,"column":0},"end":{"line":44,"column":16}},"44":{"start":{"line":45,"column":0},"end":{"line":45,"column":39}},"45":{"start":{"line":46,"column":0},"end":{"line":46,"column":8}},"46":{"start":{"line":47,"column":0},"end":{"line":47,"column":49}},"47":{"start":{"line":48,"column":0},"end":{"line":48,"column":42}},"48":{"start":{"line":49,"column":0},"end":{"line":49,"column":11}},"50":{"start":{"line":51,"column":0},"end":{"line":51,"column":1}},"52":{"start":{"line":53,"column":0},"end":{"line":53,"column":21}}},"s":{"1":1,"2":1,"3":1,"5":13,"6":13,"7":13,"8":13,"9":13,"11":13,"12":2,"13":2,"14":2,"15":2,"16":1,"17":1,"18":1,"19":1,"26":2,"28":13,"29":13,"30":13,"31":13,"32":13,"33":13,"34":13,"35":13,"36":13,"37":13,"38":13,"39":13,"40":13,"41":13,"42":13,"43":13,"44":13,"45":13,"46":13,"47":13,"48":13,"50":13,"52":1},"branchMap":{"0":{"type":"branch","line":6,"loc":{"start":{"line":6,"column":0},"end":{"line":51,"column":1}},"locations":[{"start":{"line":6,"column":0},"end":{"line":51,"column":1}}]},"1":{"type":"branch","line":47,"loc":{"start":{"line":47,"column":7},"end":{"line":47,"column":49}},"locations":[{"start":{"line":47,"column":7},"end":{"line":47,"column":49}}]},"2":{"type":"branch","line":12,"loc":{"start":{"line":12,"column":23},"end":{"line":27,"column":4}},"locations":[{"start":{"line":12,"column":23},"end":{"line":27,"column":4}}]},"3":{"type":"branch","line":16,"loc":{"start":{"line":16,"column":36},"end":{"line":20,"column":5}},"locations":[{"start":{"line":16,"column":36},"end":{"line":20,"column":5}}]},"4":{"type":"branch","line":34,"loc":{"start":{"line":34,"column":18},"end":{"line":34,"column":53}},"locations":[{"start":{"line":34,"column":18},"end":{"line":34,"column":53}}]},"5":{"type":"branch","line":42,"loc":{"start":{"line":42,"column":18},"end":{"line":42,"column":53}},"locations":[{"start":{"line":42,"column":18},"end":{"line":42,"column":53}}]}},"b":{"0":[13],"1":[1],"2":[2],"3":[1],"4":[3],"5":[3]},"fnMap":{"0":{"name":"Login","decl":{"start":{"line":6,"column":0},"end":{"line":51,"column":1}},"loc":{"start":{"line":6,"column":0},"end":{"line":51,"column":1}},"line":6},"1":{"name":"handleSubmit","decl":{"start":{"line":12,"column":23},"end":{"line":27,"column":4}},"loc":{"start":{"line":12,"column":23},"end":{"line":27,"column":4}},"line":12},"2":{"name":"onChange","decl":{"start":{"line":34,"column":18},"end":{"line":34,"column":53}},"loc":{"start":{"line":34,"column":18},"end":{"line":34,"column":53}},"line":34},"3":{"name":"onChange","decl":{"start":{"line":42,"column":18},"end":{"line":42,"column":53}},"loc":{"start":{"line":42,"column":18},"end":{"line":42,"column":53}},"line":42}},"f":{"0":13,"1":2,"2":3,"3":3}}
,"C:\\Users\\679534\\gencWorkspaces\\reactjsPracticeWorkspace\\vue-react-ts-app\\src\\components\\ProfileIcon.tsx": {"path":"C:\\Users\\679534\\gencWorkspaces\\reactjsPracticeWorkspace\\vue-react-ts-app\\src\\components\\ProfileIcon.tsx","all":true,"statementMap":{"0":{"start":{"line":1,"column":0},"end":{"line":1,"column":44}},"1":{"start":{"line":2,"column":0},"end":{"line":2,"column":31}},"2":{"start":{"line":3,"column":0},"end":{"line":3,"column":42}},"4":{"start":{"line":5,"column":0},"end":{"line":5,"column":24}},"5":{"start":{"line":6,"column":0},"end":{"line":6,"column":45}},"7":{"start":{"line":8,"column":0},"end":{"line":8,"column":19}},"8":{"start":{"line":9,"column":0},"end":{"line":9,"column":31}},"9":{"start":{"line":10,"column":0},"end":{"line":10,"column":60}},"21":{"start":{"line":22,"column":0},"end":{"line":22,"column":9}},"23":{"start":{"line":24,"column":0},"end":{"line":24,"column":64}},"24":{"start":{"line":25,"column":0},"end":{"line":25,"column":1}},"26":{"start":{"line":27,"column":0},"end":{"line":27,"column":27}}},"s":{"0":0,"1":0,"2":0,"4":0,"5":0,"7":0,"8":0,"9":0,"21":0,"23":0,"24":0,"26":0},"branchMap":{"0":{"type":"branch","line":1,"loc":{"start":{"line":1,"column":767},"end":{"line":27,"column":27}},"locations":[{"start":{"line":1,"column":767},"end":{"line":27,"column":27}}]}},"b":{"0":[0]},"fnMap":{"0":{"name":"(empty-report)","decl":{"start":{"line":1,"column":767},"end":{"line":27,"column":27}},"loc":{"start":{"line":1,"column":767},"end":{"line":27,"column":27}},"line":1}},"f":{"0":0}}
,"C:\\Users\\679534\\gencWorkspaces\\reactjsPracticeWorkspace\\vue-react-ts-app\\src\\components\\ProtectedRoute.tsx": {"path":"C:\\Users\\679534\\gencWorkspaces\\reactjsPracticeWorkspace\\vue-react-ts-app\\src\\components\\ProtectedRoute.tsx","all":true,"statementMap":{"0":{"start":{"line":1,"column":0},"end":{"line":1,"column":48}},"3":{"start":{"line":4,"column":0},"end":{"line":4,"column":43}},"4":{"start":{"line":5,"column":0},"end":{"line":5,"column":60}},"5":{"start":{"line":6,"column":0},"end":{"line":6,"column":74}},"6":{"start":{"line":7,"column":0},"end":{"line":7,"column":1}}},"s":{"0":0,"3":0,"4":0,"5":0,"6":0},"branchMap":{"0":{"type":"branch","line":1,"loc":{"start":{"line":1,"column":232},"end":{"line":7,"column":1}},"locations":[{"start":{"line":1,"column":232},"end":{"line":7,"column":1}}]}},"b":{"0":[0]},"fnMap":{"0":{"name":"(empty-report)","decl":{"start":{"line":1,"column":232},"end":{"line":7,"column":1}},"loc":{"start":{"line":1,"column":232},"end":{"line":7,"column":1}},"line":1}},"f":{"0":0}}
,"C:\\Users\\679534\\gencWorkspaces\\reactjsPracticeWorkspace\\vue-react-ts-app\\src\\pages\\AddProductPage.tsx": {"path":"C:\\Users\\679534\\gencWorkspaces\\reactjsPracticeWorkspace\\vue-react-ts-app\\src\\pages\\AddProductPage.tsx","all":true,"statementMap":{"0":{"start":{"line":1,"column":0},"end":{"line":1,"column":50}},"2":{"start":{"line":3,"column":0},"end":{"line":3,"column":27}},"3":{"start":{"line":4,"column":0},"end":{"line":4,"column":24}},"4":{"start":{"line":5,"column":0},"end":{"line":5,"column":1}},"6":{"start":{"line":7,"column":0},"end":{"line":7,"column":30}}},"s":{"0":0,"2":0,"3":0,"4":0,"6":0},"branchMap":{"0":{"type":"branch","line":1,"loc":{"start":{"line":1,"column":138},"end":{"line":7,"column":30}},"locations":[{"start":{"line":1,"column":138},"end":{"line":7,"column":30}}]}},"b":{"0":[0]},"fnMap":{"0":{"name":"(empty-report)","decl":{"start":{"line":1,"column":138},"end":{"line":7,"column":30}},"loc":{"start":{"line":1,"column":138},"end":{"line":7,"column":30}},"line":1}},"f":{"0":0}}
,"C:\\Users\\679534\\gencWorkspaces\\reactjsPracticeWorkspace\\vue-react-ts-app\\src\\pages\\HomePage.tsx": {"path":"C:\\Users\\679534\\gencWorkspaces\\reactjsPracticeWorkspace\\vue-react-ts-app\\src\\pages\\HomePage.tsx","all":true,"statementMap":{"0":{"start":{"line":1,"column":0},"end":{"line":1,"column":38}},"2":{"start":{"line":3,"column":0},"end":{"line":3,"column":21}},"3":{"start":{"line":4,"column":0},"end":{"line":4,"column":18}},"4":{"start":{"line":5,"column":0},"end":{"line":5,"column":1}},"6":{"start":{"line":7,"column":0},"end":{"line":7,"column":24}}},"s":{"0":0,"2":0,"3":0,"4":0,"6":0},"branchMap":{"0":{"type":"branch","line":1,"loc":{"start":{"line":1,"column":108},"end":{"line":7,"column":24}},"locations":[{"start":{"line":1,"column":108},"end":{"line":7,"column":24}}]}},"b":{"0":[0]},"fnMap":{"0":{"name":"(empty-report)","decl":{"start":{"line":1,"column":108},"end":{"line":7,"column":24}},"loc":{"start":{"line":1,"column":108},"end":{"line":7,"column":24}},"line":1}},"f":{"0":0}}
,"C:\\Users\\679534\\gencWorkspaces\\reactjsPracticeWorkspace\\vue-react-ts-app\\src\\pages\\LoginPage.tsx": {"path":"C:\\Users\\679534\\gencWorkspaces\\reactjsPracticeWorkspace\\vue-react-ts-app\\src\\pages\\LoginPage.tsx","all":true,"statementMap":{"0":{"start":{"line":1,"column":0},"end":{"line":1,"column":40}},"2":{"start":{"line":3,"column":0},"end":{"line":3,"column":22}},"3":{"start":{"line":4,"column":0},"end":{"line":4,"column":19}},"4":{"start":{"line":5,"column":0},"end":{"line":5,"column":1}},"6":{"start":{"line":7,"column":0},"end":{"line":7,"column":25}}},"s":{"0":0,"2":0,"3":0,"4":0,"6":0},"branchMap":{"0":{"type":"branch","line":1,"loc":{"start":{"line":1,"column":113},"end":{"line":7,"column":25}},"locations":[{"start":{"line":1,"column":113},"end":{"line":7,"column":25}}]}},"b":{"0":[0]},"fnMap":{"0":{"name":"(empty-report)","decl":{"start":{"line":1,"column":113},"end":{"line":7,"column":25}},"loc":{"start":{"line":1,"column":113},"end":{"line":7,"column":25}},"line":1}},"f":{"0":0}}
,"C:\\Users\\679534\\gencWorkspaces\\reactjsPracticeWorkspace\\vue-react-ts-app\\src\\utils\\api.tsx": {"path":"C:\\Users\\679534\\gencWorkspaces\\reactjsPracticeWorkspace\\vue-react-ts-app\\src\\utils\\api.tsx","all":false,"statementMap":{"0":{"start":{"line":1,"column":0},"end":{"line":1,"column":26}},"2":{"start":{"line":3,"column":0},"end":{"line":3,"column":26}},"3":{"start":{"line":4,"column":0},"end":{"line":4,"column":39}},"4":{"start":{"line":5,"column":0},"end":{"line":5,"column":3}},"6":{"start":{"line":7,"column":0},"end":{"line":7,"column":29}},"7":{"start":{"line":8,"column":0},"end":{"line":8,"column":15}},"8":{"start":{"line":9,"column":0},"end":{"line":9,"column":46}},"9":{"start":{"line":10,"column":0},"end":{"line":10,"column":16}},"10":{"start":{"line":11,"column":0},"end":{"line":11,"column":55}},"11":{"start":{"line":12,"column":0},"end":{"line":12,"column":5}},"12":{"start":{"line":13,"column":0},"end":{"line":13,"column":18}},"13":{"start":{"line":14,"column":0},"end":{"line":14,"column":4}},"14":{"start":{"line":15,"column":0},"end":{"line":15,"column":34}},"15":{"start":{"line":16,"column":0},"end":{"line":16,"column":2}},"17":{"start":{"line":18,"column":0},"end":{"line":18,"column":30}},"18":{"start":{"line":19,"column":0},"end":{"line":19,"column":25}},"19":{"start":{"line":20,"column":0},"end":{"line":20,"column":14}},"20":{"start":{"line":21,"column":0},"end":{"line":21,"column":42}},"21":{"start":{"line":22,"column":0},"end":{"line":22,"column":37}},"22":{"start":{"line":23,"column":0},"end":{"line":23,"column":38}},"23":{"start":{"line":24,"column":0},"end":{"line":24,"column":38}},"24":{"start":{"line":25,"column":0},"end":{"line":25,"column":5}},"25":{"start":{"line":26,"column":0},"end":{"line":26,"column":33}},"26":{"start":{"line":27,"column":0},"end":{"line":27,"column":3}},"27":{"start":{"line":28,"column":0},"end":{"line":28,"column":2}},"29":{"start":{"line":30,"column":0},"end":{"line":30,"column":19}}},"s":{"0":1,"2":1,"3":1,"4":1,"6":1,"7":1,"8":0,"9":0,"10":0,"11":0,"12":0,"13":0,"14":1,"15":1,"17":1,"18":1,"19":1,"20":0,"21":0,"22":0,"23":0,"24":0,"25":0,"26":0,"27":1,"29":1},"branchMap":{},"b":{},"fnMap":{},"f":{}}
,"C:\\Users\\679534\\gencWorkspaces\\reactjsPracticeWorkspace\\vue-react-ts-app\\src\\utils\\auth.tsx": {"path":"C:\\Users\\679534\\gencWorkspaces\\reactjsPracticeWorkspace\\vue-react-ts-app\\src\\utils\\auth.tsx","all":false,"statementMap":{"0":{"start":{"line":1,"column":0},"end":{"line":1,"column":24}},"2":{"start":{"line":3,"column":0},"end":{"line":3,"column":52}},"3":{"start":{"line":4,"column":0},"end":{"line":4,"column":73}},"4":{"start":{"line":5,"column":0},"end":{"line":5,"column":71}},"5":{"start":{"line":6,"column":0},"end":{"line":6,"column":35}},"6":{"start":{"line":7,"column":0},"end":{"line":7,"column":90}},"7":{"start":{"line":8,"column":0},"end":{"line":8,"column":2}},"9":{"start":{"line":10,"column":0},"end":{"line":10,"column":29}},"10":{"start":{"line":11,"column":0},"end":{"line":11,"column":33}},"11":{"start":{"line":12,"column":0},"end":{"line":12,"column":34}},"12":{"start":{"line":13,"column":0},"end":{"line":13,"column":34}},"13":{"start":{"line":14,"column":0},"end":{"line":14,"column":2}},"15":{"start":{"line":16,"column":0},"end":{"line":16,"column":32}},"16":{"start":{"line":17,"column":0},"end":{"line":17,"column":56}},"17":{"start":{"line":18,"column":0},"end":{"line":18,"column":22}},"18":{"start":{"line":19,"column":0},"end":{"line":19,"column":2}}},"s":{"0":1,"2":1,"3":0,"4":0,"5":0,"6":0,"7":0,"9":1,"10":0,"11":0,"12":0,"13":0,"15":1,"16":0,"17":0,"18":0},"branchMap":{},"b":{},"fnMap":{"0":{"name":"login","decl":{"start":{"line":3,"column":21},"end":{"line":8,"column":2}},"loc":{"start":{"line":3,"column":21},"end":{"line":8,"column":2}},"line":3},"1":{"name":"logout","decl":{"start":{"line":10,"column":22},"end":{"line":14,"column":2}},"loc":{"start":{"line":10,"column":22},"end":{"line":14,"column":2}},"line":10},"2":{"name":"getUserId","decl":{"start":{"line":16,"column":25},"end":{"line":19,"column":2}},"loc":{"start":{"line":16,"column":25},"end":{"line":19,"column":2}},"line":16}},"f":{"0":0,"1":0,"2":0}}
}
